<?xml version="1.0" encoding="UTF-8"?>
<testng-results skipped="0" failed="0" ignored="0" total="1" passed="1">
  <reporter-output>
  </reporter-output>
  <suite name="Suite" duration-ms="30314" started-at="2019-02-26T09:11:17Z" finished-at="2019-02-26T09:11:47Z">
    <groups>
      <group name="cucumber">
        <method signature="AbstractTestNGCucumberTests.feature(cucumber.api.testng.CucumberFeatureWrapper)[pri:0, instance:runner.RunCuke@55f3ddb1]" name="feature" class="cucumber.api.testng.AbstractTestNGCucumberTests"/>
      </group> <!-- cucumber -->
    </groups>
    <test name="Test" duration-ms="30314" started-at="2019-02-26T09:11:17Z" finished-at="2019-02-26T09:11:47Z">
      <class name="runner.RunCuke">
        <test-method status="PASS" signature="setUpClass()[pri:0, instance:runner.RunCuke@55f3ddb1]" name="setUpClass" is-config="true" duration-ms="307" started-at="2019-02-26T04:11:17Z" finished-at="2019-02-26T04:11:17Z">
          <reporter-output>
          </reporter-output>
        </test-method> <!-- setUpClass -->
        <test-method status="PASS" signature="feature(cucumber.api.testng.CucumberFeatureWrapper)[pri:0, instance:runner.RunCuke@55f3ddb1]" name="feature" duration-ms="29883" started-at="2019-02-26T04:11:17Z" description="Runs Cucumber Feature" data-provider="features" finished-at="2019-02-26T04:11:47Z">
          <params>
            <param index="0">
              <value>
                <![CDATA[Acceptance testing to validate search cars]]>
              </value>
            </param>
          </params>
          <reporter-output>
          </reporter-output>
        </test-method> <!-- feature -->
        <test-method status="PASS" signature="tearDownClass()[pri:0, instance:runner.RunCuke@55f3ddb1]" name="tearDownClass" is-config="true" duration-ms="4" started-at="2019-02-26T04:11:47Z" finished-at="2019-02-26T04:11:47Z">
          <reporter-output>
          </reporter-output>
        </test-method> <!-- tearDownClass -->
      </class> <!-- runner.RunCuke -->
    </test> <!-- Test -->
  </suite> <!-- Suite -->
</testng-results>
